<?xml version="1.0" encoding="UTF-8" standalone="no"?>
<testsuite errors="0" failures="1" name="io.cucumber.core.plugin.JUnitFormatter" skipped="0" tests="1" time="23.172">
<testcase classname="Actions on a e-commerce website" name="Add to cart 2 products and delete them and try to remove again" time="22.841">
<failure message="no such element: Unable to locate element: {&quot;method&quot;:&quot;xpath&quot;,&quot;selector&quot;:&quot;//a[@class='emg-right remove-product btn-remove-product gtm_rp080219']&quot;}&#10;  (Session info: chrome=100.0.4896.75)&#10;For documentation on this error, please visit: https://selenium.dev/exceptions/#no_such_element&#10;Build info: version: '4.1.3', revision: '7b1ebf28ef'&#10;System info: host: 'SVROLP03157', ip: '2a02:2f0a:c309:6000:7d58:f91f:28d0:bf23%en0', os.name: 'Mac OS X', os.arch: 'x86_64', os.version: '12.2.1', java.version: '1.8.0_302'&#10;Driver info: org.openqa.selenium.chrome.ChromeDriver&#10;Command: [56351d1b97ca9b092fe9c8a6919dd68f, findElement {using=xpath, value=//a[@class='emg-right remove-product btn-remove-product gtm_rp080219']}]&#10;Capabilities {acceptInsecureCerts: false, browserName: chrome, browserVersion: 100.0.4896.75, chrome: {chromedriverVersion: 99.0.4844.51 (d537ec02474b5..., userDataDir: /var/folders/80/l9122r057fs...}, goog:chromeOptions: {debuggerAddress: localhost:54295}, javascriptEnabled: true, networkConnectionEnabled: false, pageLoadStrategy: normal, platform: MAC, platformName: MAC, proxy: Proxy(), se:cdp: ws://localhost:54295/devtoo..., se:cdpVersion: 100.0.4896.75, setWindowRect: true, strictFileInteractability: false, timeouts: {implicit: 0, pageLoad: 300000, script: 30000}, unhandledPromptBehavior: dismiss and notify, webauthn:extension:credBlob: true, webauthn:extension:largeBlob: true, webauthn:virtualAuthenticators: true}&#10;Session ID: 56351d1b97ca9b092fe9c8a6919dd68f" type="org.openqa.selenium.NoSuchElementException"><![CDATA[Given that the user is on the landing page..................................passed
And he is able to search for 'Telefon'......................................passed
And the user clicks on add to basket button.................................passed
And he is able to search for 'Radio'........................................passed
And the user clicks on add to basket button.................................passed
And he is able to navigate to the basket page...............................passed
And the user will see that the basket was updated with 'Telefon'............passed
And the user will see that the basket was updated with 'Radio'..............passed
And he is able to delete an item from the cart..............................passed
And he sees that the item 'Telefon' is not present anymore in the cart......passed
Then he is able to delete an item from the cart.............................passed
And he sees that no items are present anymore...............................passed
And he is able to delete an item from the cart..............................failed

StackTrace:
org.openqa.selenium.NoSuchElementException: no such element: Unable to locate element: {"method":"xpath","selector":"//a[@class='emg-right remove-product btn-remove-product gtm_rp080219']"}
  (Session info: chrome=100.0.4896.75)
For documentation on this error, please visit: https://selenium.dev/exceptions/#no_such_element
Build info: version: '4.1.3', revision: '7b1ebf28ef'
System info: host: 'SVROLP03157', ip: '2a02:2f0a:c309:6000:7d58:f91f:28d0:bf23%en0', os.name: 'Mac OS X', os.arch: 'x86_64', os.version: '12.2.1', java.version: '1.8.0_302'
Driver info: org.openqa.selenium.chrome.ChromeDriver
Command: [56351d1b97ca9b092fe9c8a6919dd68f, findElement {using=xpath, value=//a[@class='emg-right remove-product btn-remove-product gtm_rp080219']}]
Capabilities {acceptInsecureCerts: false, browserName: chrome, browserVersion: 100.0.4896.75, chrome: {chromedriverVersion: 99.0.4844.51 (d537ec02474b5..., userDataDir: /var/folders/80/l9122r057fs...}, goog:chromeOptions: {debuggerAddress: localhost:54295}, javascriptEnabled: true, networkConnectionEnabled: false, pageLoadStrategy: normal, platform: MAC, platformName: MAC, proxy: Proxy(), se:cdp: ws://localhost:54295/devtoo..., se:cdpVersion: 100.0.4896.75, setWindowRect: true, strictFileInteractability: false, timeouts: {implicit: 0, pageLoad: 300000, script: 30000}, unhandledPromptBehavior: dismiss and notify, webauthn:extension:credBlob: true, webauthn:extension:largeBlob: true, webauthn:virtualAuthenticators: true}
Session ID: 56351d1b97ca9b092fe9c8a6919dd68f
	at sun.reflect.NativeConstructorAccessorImpl.newInstance0(Native Method)
	at sun.reflect.NativeConstructorAccessorImpl.newInstance(NativeConstructorAccessorImpl.java:62)
	at sun.reflect.DelegatingConstructorAccessorImpl.newInstance(DelegatingConstructorAccessorImpl.java:45)
	at java.lang.reflect.Constructor.newInstance(Constructor.java:423)
	at org.openqa.selenium.remote.codec.w3c.W3CHttpResponseCodec.createException(W3CHttpResponseCodec.java:200)
	at org.openqa.selenium.remote.codec.w3c.W3CHttpResponseCodec.decode(W3CHttpResponseCodec.java:133)
	at org.openqa.selenium.remote.codec.w3c.W3CHttpResponseCodec.decode(W3CHttpResponseCodec.java:53)
	at org.openqa.selenium.remote.HttpCommandExecutor.execute(HttpCommandExecutor.java:184)
	at org.openqa.selenium.remote.service.DriverCommandExecutor.invokeExecute(DriverCommandExecutor.java:167)
	at org.openqa.selenium.remote.service.DriverCommandExecutor.execute(DriverCommandExecutor.java:142)
	at org.openqa.selenium.remote.RemoteWebDriver.execute(RemoteWebDriver.java:567)
	at org.openqa.selenium.remote.ElementLocation$ElementFinder$2.findElement(ElementLocation.java:162)
	at org.openqa.selenium.remote.ElementLocation.findElement(ElementLocation.java:60)
	at org.openqa.selenium.remote.RemoteWebDriver.findElement(RemoteWebDriver.java:385)
	at org.openqa.selenium.remote.RemoteWebDriver.findElement(RemoteWebDriver.java:377)
	at cucumber.PageObjects.Homepage.CartPage.cartDeleteBtn(CartPage.java:31)
	at cucumber.PageObjects.Homepage.CartPage.deleteFromCart(CartPage.java:47)
	at cucumber.StepDefinition.HomepageSteps.user_deletes_an_item(HomepageSteps.java:49)
	at âœ½.he is able to delete an item from the cart(file:///Users/alexandru.badescu/IdeaProjects/Interview%20Project/src/test/resources/features/search.feature:64)
]]></failure>
</testcase>
</testsuite>
